<?xml version="1.0" encoding="UTF-8"?>
<!-- Generated by org.testng.reporters.JUnitReportReporter -->
<testsuite hostname="User-PC" name="Test.AutoTests" tests="7" failures="0" timestamp="23 May 2016 22:54:39 GMT" time="97.461" errors="0">
  <testcase name="ChangeSettings" time="8.600" classname="Test.AutoTests"/>
  <testcase name="Comparison" time="21.206" classname="Test.AutoTests"/>
  <testcase name="changePassorwd" time="14.311" classname="Test.AutoTests"/>
  <testcase name="logOutSecond" time="15.733" classname="Test.AutoTests"/>
  <testcase name="SearchProduct" time="16.594" classname="Test.AutoTests"/>
  <testcase name="SearchSecond" time="7.970" classname="Test.AutoTests"/>
  <testcase name="logInSecond" time="13.047" classname="Test.AutoTests"/>
</testsuite> <!-- Test.AutoTests -->
